INFO - 2024-09-05 14:35:57 --> Session: Class initialized using 'CodeIgniter\Session\Handlers\FileHandler' driver.
INFO - 2024-09-05 14:36:14 --> Session: Class initialized using 'CodeIgniter\Session\Handlers\FileHandler' driver.
INFO - 2024-09-05 14:36:39 --> Session: Class initialized using 'CodeIgniter\Session\Handlers\FileHandler' driver.
INFO - 2024-09-05 14:37:13 --> Session: Class initialized using 'CodeIgniter\Session\Handlers\FileHandler' driver.
INFO - 2024-09-05 14:38:51 --> Session: Class initialized using 'CodeIgniter\Session\Handlers\FileHandler' driver.
INFO - 2024-09-05 14:39:02 --> Session: Class initialized using 'CodeIgniter\Session\Handlers\FileHandler' driver.
INFO - 2024-09-05 14:39:22 --> Session: Class initialized using 'CodeIgniter\Session\Handlers\FileHandler' driver.
INFO - 2024-09-05 14:39:32 --> Session: Class initialized using 'CodeIgniter\Session\Handlers\FileHandler' driver.
CRITICAL - 2024-09-05 14:40:50 --> BadMethodCallException: Call to undefined method App\Models\ProveedorModel::finaAll
[Method: GET, Route: crearproducto]
in SYSTEMPATH\Model.php on line 932.
 1 APPPATH\Controllers\ProductoController.php(17): CodeIgniter\Model->__call('finaAll', [])
 2 SYSTEMPATH\CodeIgniter.php(933): App\Controllers\ProductoController->create()
 3 SYSTEMPATH\CodeIgniter.php(509): CodeIgniter\CodeIgniter->runController(Object(App\Controllers\ProductoController))
 4 SYSTEMPATH\CodeIgniter.php(355): CodeIgniter\CodeIgniter->handleRequest(null, Object(Config\Cache), false)
 5 SYSTEMPATH\Boot.php(325): CodeIgniter\CodeIgniter->run()
 6 SYSTEMPATH\Boot.php(67): CodeIgniter\Boot::runCodeIgniter(Object(CodeIgniter\CodeIgniter))
 7 FCPATH\index.php(56): CodeIgniter\Boot::bootWeb(Object(Config\Paths))
CRITICAL - 2024-09-05 14:44:59 --> BadMethodCallException: Call to undefined method App\Models\ProveedorModel::finaAll
[Method: GET, Route: crearproducto]
in SYSTEMPATH\Model.php on line 932.
 1 APPPATH\Controllers\ProductoController.php(17): CodeIgniter\Model->__call('finaAll', [])
 2 SYSTEMPATH\CodeIgniter.php(933): App\Controllers\ProductoController->create()
 3 SYSTEMPATH\CodeIgniter.php(509): CodeIgniter\CodeIgniter->runController(Object(App\Controllers\ProductoController))
 4 SYSTEMPATH\CodeIgniter.php(355): CodeIgniter\CodeIgniter->handleRequest(null, Object(Config\Cache), false)
 5 SYSTEMPATH\Boot.php(325): CodeIgniter\CodeIgniter->run()
 6 SYSTEMPATH\Boot.php(67): CodeIgniter\Boot::runCodeIgniter(Object(CodeIgniter\CodeIgniter))
 7 FCPATH\index.php(56): CodeIgniter\Boot::bootWeb(Object(Config\Paths))
CRITICAL - 2024-09-05 15:12:13 --> ErrorException: Undefined array key "empresa"
[Method: GET, Route: crearproducto]
in APPPATH\Views\producto\crear.php on line 42.
 1 APPPATH\Views\producto\crear.php(42): CodeIgniter\Debug\Exceptions->errorHandler(2, 'Undefined array key "empresa"', 'C:\\xampp\\htdocs\\presupuesto\\app\\Views\\producto\\crear.php', 42)
 2 SYSTEMPATH\View\View.php(234): include('C:\\xampp\\htdocs\\presupuesto\\app\\Views\\producto\\crear.php')
 3 SYSTEMPATH\View\View.php(237): CodeIgniter\View\View->CodeIgniter\View\{closure}()
 4 SYSTEMPATH\Common.php(1169): CodeIgniter\View\View->render('producto/crear', [], true)
 5 APPPATH\Controllers\ProductoController.php(17): view('producto/crear', [...])
 6 SYSTEMPATH\CodeIgniter.php(933): App\Controllers\ProductoController->create()
 7 SYSTEMPATH\CodeIgniter.php(509): CodeIgniter\CodeIgniter->runController(Object(App\Controllers\ProductoController))
 8 SYSTEMPATH\CodeIgniter.php(355): CodeIgniter\CodeIgniter->handleRequest(null, Object(Config\Cache), false)
 9 SYSTEMPATH\Boot.php(325): CodeIgniter\CodeIgniter->run()
10 SYSTEMPATH\Boot.php(67): CodeIgniter\Boot::runCodeIgniter(Object(CodeIgniter\CodeIgniter))
11 FCPATH\index.php(56): CodeIgniter\Boot::bootWeb(Object(Config\Paths))
CRITICAL - 2024-09-05 16:55:01 --> Error: Class "App\Models\Model" not found
[Method: POST, Route: formproducto]
in APPPATH\Models\ProductoModel.php on line 4.
 1 SYSTEMPATH\Autoloader\Autoloader.php(317): include_once()
 2 SYSTEMPATH\Autoloader\Autoloader.php(296): CodeIgniter\Autoloader\Autoloader->includeFile('C:\\xampp\\htdocs\\presupuesto\\app\\Models\\ProductoModel.php')
 3 SYSTEMPATH\Autoloader\Autoloader.php(272): CodeIgniter\Autoloader\Autoloader->loadInNamespace('App\\Models\\ProductoModel')
 4 APPPATH\Controllers\ProductoController.php(69): CodeIgniter\Autoloader\Autoloader->loadClass('App\\Models\\ProductoModel')
 5 SYSTEMPATH\CodeIgniter.php(933): App\Controllers\ProductoController->store()
 6 SYSTEMPATH\CodeIgniter.php(509): CodeIgniter\CodeIgniter->runController(Object(App\Controllers\ProductoController))
 7 SYSTEMPATH\CodeIgniter.php(355): CodeIgniter\CodeIgniter->handleRequest(null, Object(Config\Cache), false)
 8 SYSTEMPATH\Boot.php(325): CodeIgniter\CodeIgniter->run()
 9 SYSTEMPATH\Boot.php(67): CodeIgniter\Boot::runCodeIgniter(Object(CodeIgniter\CodeIgniter))
10 FCPATH\index.php(56): CodeIgniter\Boot::bootWeb(Object(Config\Paths))
INFO - 2024-09-05 16:55:56 --> Session: Class initialized using 'CodeIgniter\Session\Handlers\FileHandler' driver.
CRITICAL - 2024-09-05 17:07:30 --> ErrorException: Undefined variable $lista
[Method: GET, Route: editarproducto/1]
in APPPATH\Views\producto\editar.php on line 41.
 1 APPPATH\Views\producto\editar.php(41): CodeIgniter\Debug\Exceptions->errorHandler(2, 'Undefined variable $lista', 'C:\\xampp\\htdocs\\presupuesto\\app\\Views\\producto\\editar.php', 41)
 2 SYSTEMPATH\View\View.php(234): include('C:\\xampp\\htdocs\\presupuesto\\app\\Views\\producto\\editar.php')
 3 SYSTEMPATH\View\View.php(237): CodeIgniter\View\View->CodeIgniter\View\{closure}()
 4 SYSTEMPATH\Common.php(1169): CodeIgniter\View\View->render('producto/editar', [], true)
 5 APPPATH\Controllers\ProductoController.php(87): view('producto/editar', [...])
 6 SYSTEMPATH\CodeIgniter.php(933): App\Controllers\ProductoController->edit('1')
 7 SYSTEMPATH\CodeIgniter.php(509): CodeIgniter\CodeIgniter->runController(Object(App\Controllers\ProductoController))
 8 SYSTEMPATH\CodeIgniter.php(355): CodeIgniter\CodeIgniter->handleRequest(null, Object(Config\Cache), false)
 9 SYSTEMPATH\Boot.php(325): CodeIgniter\CodeIgniter->run()
10 SYSTEMPATH\Boot.php(67): CodeIgniter\Boot::runCodeIgniter(Object(CodeIgniter\CodeIgniter))
11 FCPATH\index.php(56): CodeIgniter\Boot::bootWeb(Object(Config\Paths))
CRITICAL - 2024-09-05 17:07:50 --> ErrorException: Undefined variable $lista
[Method: GET, Route: editarproducto/1]
in APPPATH\Views\producto\editar.php on line 41.
 1 APPPATH\Views\producto\editar.php(41): CodeIgniter\Debug\Exceptions->errorHandler(2, 'Undefined variable $lista', 'C:\\xampp\\htdocs\\presupuesto\\app\\Views\\producto\\editar.php', 41)
 2 SYSTEMPATH\View\View.php(234): include('C:\\xampp\\htdocs\\presupuesto\\app\\Views\\producto\\editar.php')
 3 SYSTEMPATH\View\View.php(237): CodeIgniter\View\View->CodeIgniter\View\{closure}()
 4 SYSTEMPATH\Common.php(1169): CodeIgniter\View\View->render('producto/editar', [], true)
 5 APPPATH\Controllers\ProductoController.php(87): view('producto/editar', [...])
 6 SYSTEMPATH\CodeIgniter.php(933): App\Controllers\ProductoController->edit('1')
 7 SYSTEMPATH\CodeIgniter.php(509): CodeIgniter\CodeIgniter->runController(Object(App\Controllers\ProductoController))
 8 SYSTEMPATH\CodeIgniter.php(355): CodeIgniter\CodeIgniter->handleRequest(null, Object(Config\Cache), false)
 9 SYSTEMPATH\Boot.php(325): CodeIgniter\CodeIgniter->run()
10 SYSTEMPATH\Boot.php(67): CodeIgniter\Boot::runCodeIgniter(Object(CodeIgniter\CodeIgniter))
11 FCPATH\index.php(56): CodeIgniter\Boot::bootWeb(Object(Config\Paths))
CRITICAL - 2024-09-05 17:08:22 --> ErrorException: Undefined variable $lista
[Method: GET, Route: editarproducto/1]
in APPPATH\Views\producto\editar.php on line 41.
 1 APPPATH\Views\producto\editar.php(41): CodeIgniter\Debug\Exceptions->errorHandler(2, 'Undefined variable $lista', 'C:\\xampp\\htdocs\\presupuesto\\app\\Views\\producto\\editar.php', 41)
 2 SYSTEMPATH\View\View.php(234): include('C:\\xampp\\htdocs\\presupuesto\\app\\Views\\producto\\editar.php')
 3 SYSTEMPATH\View\View.php(237): CodeIgniter\View\View->CodeIgniter\View\{closure}()
 4 SYSTEMPATH\Common.php(1169): CodeIgniter\View\View->render('producto/editar', [...], true)
 5 APPPATH\Controllers\ProductoController.php(87): view('producto/editar', [...], [...])
 6 SYSTEMPATH\CodeIgniter.php(933): App\Controllers\ProductoController->edit('1')
 7 SYSTEMPATH\CodeIgniter.php(509): CodeIgniter\CodeIgniter->runController(Object(App\Controllers\ProductoController))
 8 SYSTEMPATH\CodeIgniter.php(355): CodeIgniter\CodeIgniter->handleRequest(null, Object(Config\Cache), false)
 9 SYSTEMPATH\Boot.php(325): CodeIgniter\CodeIgniter->run()
10 SYSTEMPATH\Boot.php(67): CodeIgniter\Boot::runCodeIgniter(Object(CodeIgniter\CodeIgniter))
11 FCPATH\index.php(56): CodeIgniter\Boot::bootWeb(Object(Config\Paths))
CRITICAL - 2024-09-05 17:12:38 --> ErrorException: Trying to access array offset on value of type null
[Method: GET, Route: editarproducto/plugins/jquery-sparkline/jquery.sparkline.js]
in APPPATH\Views\producto\editar.php on line 39.
 1 APPPATH\Views\producto\editar.php(39): CodeIgniter\Debug\Exceptions->errorHandler(2, 'Trying to access array offset on value of type null', 'C:\\xampp\\htdocs\\presupuesto\\app\\Views\\producto\\editar.php', 39)
 2 SYSTEMPATH\View\View.php(234): include('C:\\xampp\\htdocs\\presupuesto\\app\\Views\\producto\\editar.php')
 3 SYSTEMPATH\View\View.php(237): CodeIgniter\View\View->CodeIgniter\View\{closure}()
 4 SYSTEMPATH\Common.php(1169): CodeIgniter\View\View->render('producto/editar', [], true)
 5 APPPATH\Controllers\ProductoController.php(87): view('producto/editar', [...])
 6 SYSTEMPATH\CodeIgniter.php(933): App\Controllers\ProductoController->edit('plugins', 'jquery-sparkline', 'jquery.sparkline.js')
 7 SYSTEMPATH\CodeIgniter.php(509): CodeIgniter\CodeIgniter->runController(Object(App\Controllers\ProductoController))
 8 SYSTEMPATH\CodeIgniter.php(355): CodeIgniter\CodeIgniter->handleRequest(null, Object(Config\Cache), false)
 9 SYSTEMPATH\Boot.php(325): CodeIgniter\CodeIgniter->run()
10 SYSTEMPATH\Boot.php(67): CodeIgniter\Boot::runCodeIgniter(Object(CodeIgniter\CodeIgniter))
11 FCPATH\index.php(56): CodeIgniter\Boot::bootWeb(Object(Config\Paths))
CRITICAL - 2024-09-05 17:12:40 --> ErrorException: Trying to access array offset on value of type null
[Method: GET, Route: editarproducto/favicon.ico]
in APPPATH\Views\producto\editar.php on line 39.
 1 APPPATH\Views\producto\editar.php(39): CodeIgniter\Debug\Exceptions->errorHandler(2, 'Trying to access array offset on value of type null', 'C:\\xampp\\htdocs\\presupuesto\\app\\Views\\producto\\editar.php', 39)
 2 SYSTEMPATH\View\View.php(234): include('C:\\xampp\\htdocs\\presupuesto\\app\\Views\\producto\\editar.php')
 3 SYSTEMPATH\View\View.php(237): CodeIgniter\View\View->CodeIgniter\View\{closure}()
 4 SYSTEMPATH\Common.php(1169): CodeIgniter\View\View->render('producto/editar', [], true)
 5 APPPATH\Controllers\ProductoController.php(87): view('producto/editar', [...])
 6 SYSTEMPATH\CodeIgniter.php(933): App\Controllers\ProductoController->edit('favicon.ico')
 7 SYSTEMPATH\CodeIgniter.php(509): CodeIgniter\CodeIgniter->runController(Object(App\Controllers\ProductoController))
 8 SYSTEMPATH\CodeIgniter.php(355): CodeIgniter\CodeIgniter->handleRequest(null, Object(Config\Cache), false)
 9 SYSTEMPATH\Boot.php(325): CodeIgniter\CodeIgniter->run()
10 SYSTEMPATH\Boot.php(67): CodeIgniter\Boot::runCodeIgniter(Object(CodeIgniter\CodeIgniter))
11 FCPATH\index.php(56): CodeIgniter\Boot::bootWeb(Object(Config\Paths))
CRITICAL - 2024-09-05 17:15:12 --> ErrorException: Undefined array key "nombre_empresa"
[Method: GET, Route: editarproducto/1]
in APPPATH\Views\producto\editar.php on line 40.
 1 APPPATH\Views\producto\editar.php(40): CodeIgniter\Debug\Exceptions->errorHandler(2, 'Undefined array key "nombre_empresa"', 'C:\\xampp\\htdocs\\presupuesto\\app\\Views\\producto\\editar.php', 40)
 2 SYSTEMPATH\View\View.php(234): include('C:\\xampp\\htdocs\\presupuesto\\app\\Views\\producto\\editar.php')
 3 SYSTEMPATH\View\View.php(237): CodeIgniter\View\View->CodeIgniter\View\{closure}()
 4 SYSTEMPATH\Common.php(1169): CodeIgniter\View\View->render('producto/editar', [], true)
 5 APPPATH\Controllers\ProductoController.php(87): view('producto/editar', [...])
 6 SYSTEMPATH\CodeIgniter.php(933): App\Controllers\ProductoController->edit('1')
 7 SYSTEMPATH\CodeIgniter.php(509): CodeIgniter\CodeIgniter->runController(Object(App\Controllers\ProductoController))
 8 SYSTEMPATH\CodeIgniter.php(355): CodeIgniter\CodeIgniter->handleRequest(null, Object(Config\Cache), false)
 9 SYSTEMPATH\Boot.php(325): CodeIgniter\CodeIgniter->run()
10 SYSTEMPATH\Boot.php(67): CodeIgniter\Boot::runCodeIgniter(Object(CodeIgniter\CodeIgniter))
11 FCPATH\index.php(56): CodeIgniter\Boot::bootWeb(Object(Config\Paths))
CRITICAL - 2024-09-05 17:15:59 --> BadMethodCallException: Call to undefined method App\Models\ProductoModel::prodcutoId
[Method: GET, Route: editarproducto/1]
in SYSTEMPATH\Model.php on line 932.
 1 APPPATH\Controllers\ProductoController.php(85): CodeIgniter\Model->__call('prodcutoId', [...])
 2 SYSTEMPATH\CodeIgniter.php(933): App\Controllers\ProductoController->edit('1')
 3 SYSTEMPATH\CodeIgniter.php(509): CodeIgniter\CodeIgniter->runController(Object(App\Controllers\ProductoController))
 4 SYSTEMPATH\CodeIgniter.php(355): CodeIgniter\CodeIgniter->handleRequest(null, Object(Config\Cache), false)
 5 SYSTEMPATH\Boot.php(325): CodeIgniter\CodeIgniter->run()
 6 SYSTEMPATH\Boot.php(67): CodeIgniter\Boot::runCodeIgniter(Object(CodeIgniter\CodeIgniter))
 7 FCPATH\index.php(56): CodeIgniter\Boot::bootWeb(Object(Config\Paths))
CRITICAL - 2024-09-05 17:16:25 --> ErrorException: Undefined array key "nombre_empresa"
[Method: GET, Route: editarproducto/1]
in APPPATH\Views\producto\editar.php on line 40.
 1 APPPATH\Views\producto\editar.php(40): CodeIgniter\Debug\Exceptions->errorHandler(2, 'Undefined array key "nombre_empresa"', 'C:\\xampp\\htdocs\\presupuesto\\app\\Views\\producto\\editar.php', 40)
 2 SYSTEMPATH\View\View.php(234): include('C:\\xampp\\htdocs\\presupuesto\\app\\Views\\producto\\editar.php')
 3 SYSTEMPATH\View\View.php(237): CodeIgniter\View\View->CodeIgniter\View\{closure}()
 4 SYSTEMPATH\Common.php(1169): CodeIgniter\View\View->render('producto/editar', [], true)
 5 APPPATH\Controllers\ProductoController.php(87): view('producto/editar', [...])
 6 SYSTEMPATH\CodeIgniter.php(933): App\Controllers\ProductoController->edit('1')
 7 SYSTEMPATH\CodeIgniter.php(509): CodeIgniter\CodeIgniter->runController(Object(App\Controllers\ProductoController))
 8 SYSTEMPATH\CodeIgniter.php(355): CodeIgniter\CodeIgniter->handleRequest(null, Object(Config\Cache), false)
 9 SYSTEMPATH\Boot.php(325): CodeIgniter\CodeIgniter->run()
10 SYSTEMPATH\Boot.php(67): CodeIgniter\Boot::runCodeIgniter(Object(CodeIgniter\CodeIgniter))
11 FCPATH\index.php(56): CodeIgniter\Boot::bootWeb(Object(Config\Paths))
CRITICAL - 2024-09-05 17:19:22 --> ErrorException: Undefined array key ""
[Method: GET, Route: editarproducto/favicon.ico]
in APPPATH\Views\producto\editar.php on line 41.
 1 APPPATH\Views\producto\editar.php(41): CodeIgniter\Debug\Exceptions->errorHandler(2, 'Undefined array key ""', 'C:\\xampp\\htdocs\\presupuesto\\app\\Views\\producto\\editar.php', 41)
 2 SYSTEMPATH\View\View.php(234): include('C:\\xampp\\htdocs\\presupuesto\\app\\Views\\producto\\editar.php')
 3 SYSTEMPATH\View\View.php(237): CodeIgniter\View\View->CodeIgniter\View\{closure}()
 4 SYSTEMPATH\Common.php(1169): CodeIgniter\View\View->render('producto/editar', [], true)
 5 APPPATH\Controllers\ProductoController.php(87): view('producto/editar', [...])
 6 SYSTEMPATH\CodeIgniter.php(933): App\Controllers\ProductoController->edit('favicon.ico')
 7 SYSTEMPATH\CodeIgniter.php(509): CodeIgniter\CodeIgniter->runController(Object(App\Controllers\ProductoController))
 8 SYSTEMPATH\CodeIgniter.php(355): CodeIgniter\CodeIgniter->handleRequest(null, Object(Config\Cache), false)
 9 SYSTEMPATH\Boot.php(325): CodeIgniter\CodeIgniter->run()
10 SYSTEMPATH\Boot.php(67): CodeIgniter\Boot::runCodeIgniter(Object(CodeIgniter\CodeIgniter))
11 FCPATH\index.php(56): CodeIgniter\Boot::bootWeb(Object(Config\Paths))
CRITICAL - 2024-09-05 17:46:22 --> ErrorException: Undefined variable $id
[Method: POST, Route: guardarproducto]
in APPPATH\Controllers\ProductoController.php on line 125.
 1 APPPATH\Controllers\ProductoController.php(125): CodeIgniter\Debug\Exceptions->errorHandler(2, 'Undefined variable $id', 'C:\\xampp\\htdocs\\presupuesto\\app\\Controllers\\ProductoController.php', 125)
 2 SYSTEMPATH\CodeIgniter.php(933): App\Controllers\ProductoController->save()
 3 SYSTEMPATH\CodeIgniter.php(509): CodeIgniter\CodeIgniter->runController(Object(App\Controllers\ProductoController))
 4 SYSTEMPATH\CodeIgniter.php(355): CodeIgniter\CodeIgniter->handleRequest(null, Object(Config\Cache), false)
 5 SYSTEMPATH\Boot.php(325): CodeIgniter\CodeIgniter->run()
 6 SYSTEMPATH\Boot.php(67): CodeIgniter\Boot::runCodeIgniter(Object(CodeIgniter\CodeIgniter))
 7 FCPATH\index.php(56): CodeIgniter\Boot::bootWeb(Object(Config\Paths))
INFO - 2024-09-05 17:48:56 --> Session: Class initialized using 'CodeIgniter\Session\Handlers\FileHandler' driver.
INFO - 2024-09-05 19:20:27 --> Session: Class initialized using 'CodeIgniter\Session\Handlers\FileHandler' driver.
ERROR - 2024-09-05 19:20:57 --> mysqli_sql_exception: Cannot add or update a child row: a foreign key constraint fails (`presupuesto`.`producto`, CONSTRAINT `fk_proveedorid` FOREIGN KEY (`id_proveedor`) REFERENCES `proveedor` (`id_proveedor`) ON DELETE CASCADE ON UPDATE CASCADE) in C:\xampp\htdocs\presupuesto\system\Database\MySQLi\Connection.php:312
Stack trace:
#0 C:\xampp\htdocs\presupuesto\system\Database\MySQLi\Connection.php(312): mysqli->query('UPDATE `product...', 0)
#1 C:\xampp\htdocs\presupuesto\system\Database\BaseConnection.php(734): CodeIgniter\Database\MySQLi\Connection->execute('UPDATE `product...')
#2 C:\xampp\htdocs\presupuesto\system\Database\BaseConnection.php(648): CodeIgniter\Database\BaseConnection->simpleQuery('UPDATE `product...')
#3 C:\xampp\htdocs\presupuesto\system\Database\BaseBuilder.php(2516): CodeIgniter\Database\BaseConnection->query('UPDATE `product...', Array, false)
#4 C:\xampp\htdocs\presupuesto\app\Models\ProductoModel.php(42): CodeIgniter\Database\BaseBuilder->update()
#5 C:\xampp\htdocs\presupuesto\app\Controllers\ProductoController.php(126): App\Models\ProductoModel->modificar('2', Array)
#6 C:\xampp\htdocs\presupuesto\system\CodeIgniter.php(933): App\Controllers\ProductoController->save()
#7 C:\xampp\htdocs\presupuesto\system\CodeIgniter.php(509): CodeIgniter\CodeIgniter->runController(Object(App\Controllers\ProductoController))
#8 C:\xampp\htdocs\presupuesto\system\CodeIgniter.php(355): CodeIgniter\CodeIgniter->handleRequest(NULL, Object(Config\Cache), false)
#9 C:\xampp\htdocs\presupuesto\system\Boot.php(325): CodeIgniter\CodeIgniter->run()
#10 C:\xampp\htdocs\presupuesto\system\Boot.php(67): CodeIgniter\Boot::runCodeIgniter(Object(CodeIgniter\CodeIgniter))
#11 C:\xampp\htdocs\presupuesto\public\index.php(56): CodeIgniter\Boot::bootWeb(Object(Config\Paths))
#12 {main}
CRITICAL - 2024-09-05 19:20:58 --> CodeIgniter\Database\Exceptions\DatabaseException: Cannot add or update a child row: a foreign key constraint fails (`presupuesto`.`producto`, CONSTRAINT `fk_proveedorid` FOREIGN KEY (`id_proveedor`) REFERENCES `proveedor` (`id_proveedor`) ON DELETE CASCADE ON UPDATE CASCADE)
[Method: POST, Route: guardarproducto]
in SYSTEMPATH\Database\BaseConnection.php on line 688.
 1 SYSTEMPATH\Database\BaseBuilder.php(2516): CodeIgniter\Database\BaseConnection->query('UPDATE `producto` SET `id_proveedor` = :id_proveedor:, `nombre_producto` = :nombre_producto:, `tipo_producto` = :tipo_producto:, `precio_producto` = :precio_producto:, `observacion` = :observacion:, `status` = :status:, `color` = :color:, `ancho` = :ancho:, `alto` = :alto:, `profundidad` = :profundidad:, `peso` = :peso:, `created_at` = :created_at:
WHERE `id_producto` = :id_producto:', [...], false)
 2 APPPATH\Models\ProductoModel.php(42): CodeIgniter\Database\BaseBuilder->update()
 3 APPPATH\Controllers\ProductoController.php(126): App\Models\ProductoModel->modificar('2', [...])
 4 SYSTEMPATH\CodeIgniter.php(933): App\Controllers\ProductoController->save()
 5 SYSTEMPATH\CodeIgniter.php(509): CodeIgniter\CodeIgniter->runController(Object(App\Controllers\ProductoController))
 6 SYSTEMPATH\CodeIgniter.php(355): CodeIgniter\CodeIgniter->handleRequest(null, Object(Config\Cache), false)
 7 SYSTEMPATH\Boot.php(325): CodeIgniter\CodeIgniter->run()
 8 SYSTEMPATH\Boot.php(67): CodeIgniter\Boot::runCodeIgniter(Object(CodeIgniter\CodeIgniter))
 9 FCPATH\index.php(56): CodeIgniter\Boot::bootWeb(Object(Config\Paths))
CRITICAL - 2024-09-05 19:20:58 --> [Caused by] CodeIgniter\Database\Exceptions\DatabaseException: Cannot add or update a child row: a foreign key constraint fails (`presupuesto`.`producto`, CONSTRAINT `fk_proveedorid` FOREIGN KEY (`id_proveedor`) REFERENCES `proveedor` (`id_proveedor`) ON DELETE CASCADE ON UPDATE CASCADE)
in SYSTEMPATH\Database\MySQLi\Connection.php on line 317.
 1 SYSTEMPATH\Database\BaseConnection.php(734): CodeIgniter\Database\MySQLi\Connection->execute('UPDATE `producto` SET `id_proveedor` = NULL, `nombre_producto` = \'dsdads\', `tipo_producto` = \'Plástico\', `precio_producto` = \'141\', `observacion` = \'Pagar en entrega\', `status` = 0, `color` = \'Marrón\', `ancho` = \'74\', `alto` = \'45.6\', `profundidad` = \'0\', `peso` = \'3.5\', `created_at` = \'2024-09-05\'
WHERE `id_producto` = \'2\'')
 2 SYSTEMPATH\Database\BaseConnection.php(648): CodeIgniter\Database\BaseConnection->simpleQuery('UPDATE `producto` SET `id_proveedor` = NULL, `nombre_producto` = \'dsdads\', `tipo_producto` = \'Plástico\', `precio_producto` = \'141\', `observacion` = \'Pagar en entrega\', `status` = 0, `color` = \'Marrón\', `ancho` = \'74\', `alto` = \'45.6\', `profundidad` = \'0\', `peso` = \'3.5\', `created_at` = \'2024-09-05\'
WHERE `id_producto` = \'2\'')
 3 SYSTEMPATH\Database\BaseBuilder.php(2516): CodeIgniter\Database\BaseConnection->query('UPDATE `producto` SET `id_proveedor` = :id_proveedor:, `nombre_producto` = :nombre_producto:, `tipo_producto` = :tipo_producto:, `precio_producto` = :precio_producto:, `observacion` = :observacion:, `status` = :status:, `color` = :color:, `ancho` = :ancho:, `alto` = :alto:, `profundidad` = :profundidad:, `peso` = :peso:, `created_at` = :created_at:
WHERE `id_producto` = :id_producto:', [...], false)
 4 APPPATH\Models\ProductoModel.php(42): CodeIgniter\Database\BaseBuilder->update()
 5 APPPATH\Controllers\ProductoController.php(126): App\Models\ProductoModel->modificar('2', [...])
 6 SYSTEMPATH\CodeIgniter.php(933): App\Controllers\ProductoController->save()
 7 SYSTEMPATH\CodeIgniter.php(509): CodeIgniter\CodeIgniter->runController(Object(App\Controllers\ProductoController))
 8 SYSTEMPATH\CodeIgniter.php(355): CodeIgniter\CodeIgniter->handleRequest(null, Object(Config\Cache), false)
 9 SYSTEMPATH\Boot.php(325): CodeIgniter\CodeIgniter->run()
10 SYSTEMPATH\Boot.php(67): CodeIgniter\Boot::runCodeIgniter(Object(CodeIgniter\CodeIgniter))
11 FCPATH\index.php(56): CodeIgniter\Boot::bootWeb(Object(Config\Paths))
CRITICAL - 2024-09-05 19:20:58 --> [Caused by] mysqli_sql_exception: Cannot add or update a child row: a foreign key constraint fails (`presupuesto`.`producto`, CONSTRAINT `fk_proveedorid` FOREIGN KEY (`id_proveedor`) REFERENCES `proveedor` (`id_proveedor`) ON DELETE CASCADE ON UPDATE CASCADE)
in SYSTEMPATH\Database\MySQLi\Connection.php on line 312.
 1 SYSTEMPATH\Database\MySQLi\Connection.php(312): mysqli->query('UPDATE `producto` SET `id_proveedor` = NULL, `nombre_producto` = \'dsdads\', `tipo_producto` = \'Plástico\', `precio_producto` = \'141\', `observacion` = \'Pagar en entrega\', `status` = 0, `color` = \'Marrón\', `ancho` = \'74\', `alto` = \'45.6\', `profundidad` = \'0\', `peso` = \'3.5\', `created_at` = \'2024-09-05\'
WHERE `id_producto` = \'2\'', 0)
 2 SYSTEMPATH\Database\BaseConnection.php(734): CodeIgniter\Database\MySQLi\Connection->execute('UPDATE `producto` SET `id_proveedor` = NULL, `nombre_producto` = \'dsdads\', `tipo_producto` = \'Plástico\', `precio_producto` = \'141\', `observacion` = \'Pagar en entrega\', `status` = 0, `color` = \'Marrón\', `ancho` = \'74\', `alto` = \'45.6\', `profundidad` = \'0\', `peso` = \'3.5\', `created_at` = \'2024-09-05\'
WHERE `id_producto` = \'2\'')
 3 SYSTEMPATH\Database\BaseConnection.php(648): CodeIgniter\Database\BaseConnection->simpleQuery('UPDATE `producto` SET `id_proveedor` = NULL, `nombre_producto` = \'dsdads\', `tipo_producto` = \'Plástico\', `precio_producto` = \'141\', `observacion` = \'Pagar en entrega\', `status` = 0, `color` = \'Marrón\', `ancho` = \'74\', `alto` = \'45.6\', `profundidad` = \'0\', `peso` = \'3.5\', `created_at` = \'2024-09-05\'
WHERE `id_producto` = \'2\'')
 4 SYSTEMPATH\Database\BaseBuilder.php(2516): CodeIgniter\Database\BaseConnection->query('UPDATE `producto` SET `id_proveedor` = :id_proveedor:, `nombre_producto` = :nombre_producto:, `tipo_producto` = :tipo_producto:, `precio_producto` = :precio_producto:, `observacion` = :observacion:, `status` = :status:, `color` = :color:, `ancho` = :ancho:, `alto` = :alto:, `profundidad` = :profundidad:, `peso` = :peso:, `created_at` = :created_at:
WHERE `id_producto` = :id_producto:', [...], false)
 5 APPPATH\Models\ProductoModel.php(42): CodeIgniter\Database\BaseBuilder->update()
 6 APPPATH\Controllers\ProductoController.php(126): App\Models\ProductoModel->modificar('2', [...])
 7 SYSTEMPATH\CodeIgniter.php(933): App\Controllers\ProductoController->save()
 8 SYSTEMPATH\CodeIgniter.php(509): CodeIgniter\CodeIgniter->runController(Object(App\Controllers\ProductoController))
 9 SYSTEMPATH\CodeIgniter.php(355): CodeIgniter\CodeIgniter->handleRequest(null, Object(Config\Cache), false)
10 SYSTEMPATH\Boot.php(325): CodeIgniter\CodeIgniter->run()
11 SYSTEMPATH\Boot.php(67): CodeIgniter\Boot::runCodeIgniter(Object(CodeIgniter\CodeIgniter))
12 FCPATH\index.php(56): CodeIgniter\Boot::bootWeb(Object(Config\Paths))
ERROR - 2024-09-05 19:25:22 --> mysqli_sql_exception: Cannot add or update a child row: a foreign key constraint fails (`presupuesto`.`producto`, CONSTRAINT `fk_proveedorid` FOREIGN KEY (`id_proveedor`) REFERENCES `proveedor` (`id_proveedor`) ON DELETE CASCADE ON UPDATE CASCADE) in C:\xampp\htdocs\presupuesto\system\Database\MySQLi\Connection.php:312
Stack trace:
#0 C:\xampp\htdocs\presupuesto\system\Database\MySQLi\Connection.php(312): mysqli->query('UPDATE `product...', 0)
#1 C:\xampp\htdocs\presupuesto\system\Database\BaseConnection.php(734): CodeIgniter\Database\MySQLi\Connection->execute('UPDATE `product...')
#2 C:\xampp\htdocs\presupuesto\system\Database\BaseConnection.php(648): CodeIgniter\Database\BaseConnection->simpleQuery('UPDATE `product...')
#3 C:\xampp\htdocs\presupuesto\system\Database\BaseBuilder.php(2516): CodeIgniter\Database\BaseConnection->query('UPDATE `product...', Array, false)
#4 C:\xampp\htdocs\presupuesto\app\Models\ProductoModel.php(42): CodeIgniter\Database\BaseBuilder->update()
#5 C:\xampp\htdocs\presupuesto\app\Controllers\ProductoController.php(126): App\Models\ProductoModel->modificar('2', Array)
#6 C:\xampp\htdocs\presupuesto\system\CodeIgniter.php(933): App\Controllers\ProductoController->save()
#7 C:\xampp\htdocs\presupuesto\system\CodeIgniter.php(509): CodeIgniter\CodeIgniter->runController(Object(App\Controllers\ProductoController))
#8 C:\xampp\htdocs\presupuesto\system\CodeIgniter.php(355): CodeIgniter\CodeIgniter->handleRequest(NULL, Object(Config\Cache), false)
#9 C:\xampp\htdocs\presupuesto\system\Boot.php(325): CodeIgniter\CodeIgniter->run()
#10 C:\xampp\htdocs\presupuesto\system\Boot.php(67): CodeIgniter\Boot::runCodeIgniter(Object(CodeIgniter\CodeIgniter))
#11 C:\xampp\htdocs\presupuesto\public\index.php(56): CodeIgniter\Boot::bootWeb(Object(Config\Paths))
#12 {main}
CRITICAL - 2024-09-05 19:25:22 --> CodeIgniter\Database\Exceptions\DatabaseException: Cannot add or update a child row: a foreign key constraint fails (`presupuesto`.`producto`, CONSTRAINT `fk_proveedorid` FOREIGN KEY (`id_proveedor`) REFERENCES `proveedor` (`id_proveedor`) ON DELETE CASCADE ON UPDATE CASCADE)
[Method: POST, Route: guardarproducto]
in SYSTEMPATH\Database\BaseConnection.php on line 688.
 1 SYSTEMPATH\Database\BaseBuilder.php(2516): CodeIgniter\Database\BaseConnection->query('UPDATE `producto` SET `id_proveedor` = :id_proveedor:, `nombre_producto` = :nombre_producto:, `tipo_producto` = :tipo_producto:, `precio_producto` = :precio_producto:, `observacion` = :observacion:, `status` = :status:, `color` = :color:, `ancho` = :ancho:, `alto` = :alto:, `profundidad` = :profundidad:, `peso` = :peso:, `created_at` = :created_at:
WHERE `id_producto` = :id_producto:', [...], false)
 2 APPPATH\Models\ProductoModel.php(42): CodeIgniter\Database\BaseBuilder->update()
 3 APPPATH\Controllers\ProductoController.php(126): App\Models\ProductoModel->modificar('2', [...])
 4 SYSTEMPATH\CodeIgniter.php(933): App\Controllers\ProductoController->save()
 5 SYSTEMPATH\CodeIgniter.php(509): CodeIgniter\CodeIgniter->runController(Object(App\Controllers\ProductoController))
 6 SYSTEMPATH\CodeIgniter.php(355): CodeIgniter\CodeIgniter->handleRequest(null, Object(Config\Cache), false)
 7 SYSTEMPATH\Boot.php(325): CodeIgniter\CodeIgniter->run()
 8 SYSTEMPATH\Boot.php(67): CodeIgniter\Boot::runCodeIgniter(Object(CodeIgniter\CodeIgniter))
 9 FCPATH\index.php(56): CodeIgniter\Boot::bootWeb(Object(Config\Paths))
CRITICAL - 2024-09-05 19:25:22 --> [Caused by] CodeIgniter\Database\Exceptions\DatabaseException: Cannot add or update a child row: a foreign key constraint fails (`presupuesto`.`producto`, CONSTRAINT `fk_proveedorid` FOREIGN KEY (`id_proveedor`) REFERENCES `proveedor` (`id_proveedor`) ON DELETE CASCADE ON UPDATE CASCADE)
in SYSTEMPATH\Database\MySQLi\Connection.php on line 317.
 1 SYSTEMPATH\Database\BaseConnection.php(734): CodeIgniter\Database\MySQLi\Connection->execute('UPDATE `producto` SET `id_proveedor` = NULL, `nombre_producto` = \'dsdads\', `tipo_producto` = \'Plástico\', `precio_producto` = \'141\', `observacion` = \'Pagar en entrega\', `status` = 0, `color` = \'Marrón\', `ancho` = \'74\', `alto` = \'45.6\', `profundidad` = \'0\', `peso` = \'3.5\', `created_at` = \'2024-09-05\'
WHERE `id_producto` = \'2\'')
 2 SYSTEMPATH\Database\BaseConnection.php(648): CodeIgniter\Database\BaseConnection->simpleQuery('UPDATE `producto` SET `id_proveedor` = NULL, `nombre_producto` = \'dsdads\', `tipo_producto` = \'Plástico\', `precio_producto` = \'141\', `observacion` = \'Pagar en entrega\', `status` = 0, `color` = \'Marrón\', `ancho` = \'74\', `alto` = \'45.6\', `profundidad` = \'0\', `peso` = \'3.5\', `created_at` = \'2024-09-05\'
WHERE `id_producto` = \'2\'')
 3 SYSTEMPATH\Database\BaseBuilder.php(2516): CodeIgniter\Database\BaseConnection->query('UPDATE `producto` SET `id_proveedor` = :id_proveedor:, `nombre_producto` = :nombre_producto:, `tipo_producto` = :tipo_producto:, `precio_producto` = :precio_producto:, `observacion` = :observacion:, `status` = :status:, `color` = :color:, `ancho` = :ancho:, `alto` = :alto:, `profundidad` = :profundidad:, `peso` = :peso:, `created_at` = :created_at:
WHERE `id_producto` = :id_producto:', [...], false)
 4 APPPATH\Models\ProductoModel.php(42): CodeIgniter\Database\BaseBuilder->update()
 5 APPPATH\Controllers\ProductoController.php(126): App\Models\ProductoModel->modificar('2', [...])
 6 SYSTEMPATH\CodeIgniter.php(933): App\Controllers\ProductoController->save()
 7 SYSTEMPATH\CodeIgniter.php(509): CodeIgniter\CodeIgniter->runController(Object(App\Controllers\ProductoController))
 8 SYSTEMPATH\CodeIgniter.php(355): CodeIgniter\CodeIgniter->handleRequest(null, Object(Config\Cache), false)
 9 SYSTEMPATH\Boot.php(325): CodeIgniter\CodeIgniter->run()
10 SYSTEMPATH\Boot.php(67): CodeIgniter\Boot::runCodeIgniter(Object(CodeIgniter\CodeIgniter))
11 FCPATH\index.php(56): CodeIgniter\Boot::bootWeb(Object(Config\Paths))
CRITICAL - 2024-09-05 19:25:22 --> [Caused by] mysqli_sql_exception: Cannot add or update a child row: a foreign key constraint fails (`presupuesto`.`producto`, CONSTRAINT `fk_proveedorid` FOREIGN KEY (`id_proveedor`) REFERENCES `proveedor` (`id_proveedor`) ON DELETE CASCADE ON UPDATE CASCADE)
in SYSTEMPATH\Database\MySQLi\Connection.php on line 312.
 1 SYSTEMPATH\Database\MySQLi\Connection.php(312): mysqli->query('UPDATE `producto` SET `id_proveedor` = NULL, `nombre_producto` = \'dsdads\', `tipo_producto` = \'Plástico\', `precio_producto` = \'141\', `observacion` = \'Pagar en entrega\', `status` = 0, `color` = \'Marrón\', `ancho` = \'74\', `alto` = \'45.6\', `profundidad` = \'0\', `peso` = \'3.5\', `created_at` = \'2024-09-05\'
WHERE `id_producto` = \'2\'', 0)
 2 SYSTEMPATH\Database\BaseConnection.php(734): CodeIgniter\Database\MySQLi\Connection->execute('UPDATE `producto` SET `id_proveedor` = NULL, `nombre_producto` = \'dsdads\', `tipo_producto` = \'Plástico\', `precio_producto` = \'141\', `observacion` = \'Pagar en entrega\', `status` = 0, `color` = \'Marrón\', `ancho` = \'74\', `alto` = \'45.6\', `profundidad` = \'0\', `peso` = \'3.5\', `created_at` = \'2024-09-05\'
WHERE `id_producto` = \'2\'')
 3 SYSTEMPATH\Database\BaseConnection.php(648): CodeIgniter\Database\BaseConnection->simpleQuery('UPDATE `producto` SET `id_proveedor` = NULL, `nombre_producto` = \'dsdads\', `tipo_producto` = \'Plástico\', `precio_producto` = \'141\', `observacion` = \'Pagar en entrega\', `status` = 0, `color` = \'Marrón\', `ancho` = \'74\', `alto` = \'45.6\', `profundidad` = \'0\', `peso` = \'3.5\', `created_at` = \'2024-09-05\'
WHERE `id_producto` = \'2\'')
 4 SYSTEMPATH\Database\BaseBuilder.php(2516): CodeIgniter\Database\BaseConnection->query('UPDATE `producto` SET `id_proveedor` = :id_proveedor:, `nombre_producto` = :nombre_producto:, `tipo_producto` = :tipo_producto:, `precio_producto` = :precio_producto:, `observacion` = :observacion:, `status` = :status:, `color` = :color:, `ancho` = :ancho:, `alto` = :alto:, `profundidad` = :profundidad:, `peso` = :peso:, `created_at` = :created_at:
WHERE `id_producto` = :id_producto:', [...], false)
 5 APPPATH\Models\ProductoModel.php(42): CodeIgniter\Database\BaseBuilder->update()
 6 APPPATH\Controllers\ProductoController.php(126): App\Models\ProductoModel->modificar('2', [...])
 7 SYSTEMPATH\CodeIgniter.php(933): App\Controllers\ProductoController->save()
 8 SYSTEMPATH\CodeIgniter.php(509): CodeIgniter\CodeIgniter->runController(Object(App\Controllers\ProductoController))
 9 SYSTEMPATH\CodeIgniter.php(355): CodeIgniter\CodeIgniter->handleRequest(null, Object(Config\Cache), false)
10 SYSTEMPATH\Boot.php(325): CodeIgniter\CodeIgniter->run()
11 SYSTEMPATH\Boot.php(67): CodeIgniter\Boot::runCodeIgniter(Object(CodeIgniter\CodeIgniter))
12 FCPATH\index.php(56): CodeIgniter\Boot::bootWeb(Object(Config\Paths))
INFO - 2024-09-05 19:32:35 --> Session: Class initialized using 'CodeIgniter\Session\Handlers\FileHandler' driver.
INFO - 2024-09-05 19:32:52 --> Session: Class initialized using 'CodeIgniter\Session\Handlers\FileHandler' driver.
INFO - 2024-09-05 19:32:59 --> Session: Class initialized using 'CodeIgniter\Session\Handlers\FileHandler' driver.
INFO - 2024-09-05 19:33:50 --> Session: Class initialized using 'CodeIgniter\Session\Handlers\FileHandler' driver.
CRITICAL - 2024-09-05 19:38:22 --> ErrorException: Undefined variable $lista
[Method: GET, Route: mostrar/4]
in APPPATH\Views\producto\mostrar.php on line 42.
 1 APPPATH\Views\producto\mostrar.php(42): CodeIgniter\Debug\Exceptions->errorHandler(2, 'Undefined variable $lista', 'C:\\xampp\\htdocs\\presupuesto\\app\\Views\\producto\\mostrar.php', 42)
 2 SYSTEMPATH\View\View.php(234): include('C:\\xampp\\htdocs\\presupuesto\\app\\Views\\producto\\mostrar.php')
 3 SYSTEMPATH\View\View.php(237): CodeIgniter\View\View->CodeIgniter\View\{closure}()
 4 SYSTEMPATH\Common.php(1169): CodeIgniter\View\View->render('producto/mostrar', [], true)
 5 APPPATH\Controllers\ProductoController.php(138): view('producto/mostrar', [...])
 6 SYSTEMPATH\CodeIgniter.php(933): App\Controllers\ProductoController->show('4')
 7 SYSTEMPATH\CodeIgniter.php(509): CodeIgniter\CodeIgniter->runController(Object(App\Controllers\ProductoController))
 8 SYSTEMPATH\CodeIgniter.php(355): CodeIgniter\CodeIgniter->handleRequest(null, Object(Config\Cache), false)
 9 SYSTEMPATH\Boot.php(325): CodeIgniter\CodeIgniter->run()
10 SYSTEMPATH\Boot.php(67): CodeIgniter\Boot::runCodeIgniter(Object(CodeIgniter\CodeIgniter))
11 FCPATH\index.php(56): CodeIgniter\Boot::bootWeb(Object(Config\Paths))
CRITICAL - 2024-09-05 22:22:04 --> TypeError: view(): Argument #2 ($data) must be of type array, string given, called in C:\xampp\htdocs\presupuesto\app\Controllers\MuebleController.php on line 19
[Method: GET, Route: crearmueble/1]
in SYSTEMPATH\Common.php on line 1157.
 1 APPPATH\Controllers\MuebleController.php(19): view('mueble/crear', '1')
 2 SYSTEMPATH\CodeIgniter.php(933): App\Controllers\MuebleController->create('1')
 3 SYSTEMPATH\CodeIgniter.php(509): CodeIgniter\CodeIgniter->runController(Object(App\Controllers\MuebleController))
 4 SYSTEMPATH\CodeIgniter.php(355): CodeIgniter\CodeIgniter->handleRequest(null, Object(Config\Cache), false)
 5 SYSTEMPATH\Boot.php(325): CodeIgniter\CodeIgniter->run()
 6 SYSTEMPATH\Boot.php(67): CodeIgniter\Boot::runCodeIgniter(Object(CodeIgniter\CodeIgniter))
 7 FCPATH\index.php(56): CodeIgniter\Boot::bootWeb(Object(Config\Paths))
CRITICAL - 2024-09-05 22:23:27 --> ErrorException: Undefined variable $id
[Method: GET, Route: crearmueble/1]
in APPPATH\Views\mueble\crear.php on line 43.
 1 APPPATH\Views\mueble\crear.php(43): CodeIgniter\Debug\Exceptions->errorHandler(2, 'Undefined variable $id', 'C:\\xampp\\htdocs\\presupuesto\\app\\Views\\mueble\\crear.php', 43)
 2 SYSTEMPATH\View\View.php(234): include('C:\\xampp\\htdocs\\presupuesto\\app\\Views\\mueble\\crear.php')
 3 SYSTEMPATH\View\View.php(237): CodeIgniter\View\View->CodeIgniter\View\{closure}()
 4 SYSTEMPATH\Common.php(1169): CodeIgniter\View\View->render('mueble/crear', [], true)
 5 APPPATH\Controllers\MuebleController.php(20): view('mueble/crear', [...])
 6 SYSTEMPATH\CodeIgniter.php(933): App\Controllers\MuebleController->create('1')
 7 SYSTEMPATH\CodeIgniter.php(509): CodeIgniter\CodeIgniter->runController(Object(App\Controllers\MuebleController))
 8 SYSTEMPATH\CodeIgniter.php(355): CodeIgniter\CodeIgniter->handleRequest(null, Object(Config\Cache), false)
 9 SYSTEMPATH\Boot.php(325): CodeIgniter\CodeIgniter->run()
10 SYSTEMPATH\Boot.php(67): CodeIgniter\Boot::runCodeIgniter(Object(CodeIgniter\CodeIgniter))
11 FCPATH\index.php(56): CodeIgniter\Boot::bootWeb(Object(Config\Paths))
CRITICAL - 2024-09-05 22:24:27 --> TypeError: Cannot access offset of type string on string
[Method: GET, Route: crearmueble/1]
in APPPATH\Views\mueble\crear.php on line 43.
 1 SYSTEMPATH\View\View.php(234): include()
 2 SYSTEMPATH\View\View.php(237): CodeIgniter\View\View->CodeIgniter\View\{closure}()
 3 SYSTEMPATH\Common.php(1169): CodeIgniter\View\View->render('mueble/crear', [], true)
 4 APPPATH\Controllers\MuebleController.php(20): view('mueble/crear', [...])
 5 SYSTEMPATH\CodeIgniter.php(933): App\Controllers\MuebleController->create('1')
 6 SYSTEMPATH\CodeIgniter.php(509): CodeIgniter\CodeIgniter->runController(Object(App\Controllers\MuebleController))
 7 SYSTEMPATH\CodeIgniter.php(355): CodeIgniter\CodeIgniter->handleRequest(null, Object(Config\Cache), false)
 8 SYSTEMPATH\Boot.php(325): CodeIgniter\CodeIgniter->run()
 9 SYSTEMPATH\Boot.php(67): CodeIgniter\Boot::runCodeIgniter(Object(CodeIgniter\CodeIgniter))
10 FCPATH\index.php(56): CodeIgniter\Boot::bootWeb(Object(Config\Paths))
CRITICAL - 2024-09-05 22:30:42 --> ErrorException: foreach() argument must be of type array|object, string given
[Method: GET, Route: crearmueble/1]
in APPPATH\Views\mueble\crear.php on line 55.
 1 APPPATH\Views\mueble\crear.php(55): CodeIgniter\Debug\Exceptions->errorHandler(2, 'foreach() argument must be of type array|object, string given', 'C:\\xampp\\htdocs\\presupuesto\\app\\Views\\mueble\\crear.php', 55)
 2 SYSTEMPATH\View\View.php(234): include('C:\\xampp\\htdocs\\presupuesto\\app\\Views\\mueble\\crear.php')
 3 SYSTEMPATH\View\View.php(237): CodeIgniter\View\View->CodeIgniter\View\{closure}()
 4 SYSTEMPATH\Common.php(1169): CodeIgniter\View\View->render('mueble/crear', [], true)
 5 APPPATH\Controllers\MuebleController.php(19): view('mueble/crear', [...])
 6 SYSTEMPATH\CodeIgniter.php(933): App\Controllers\MuebleController->create('1')
 7 SYSTEMPATH\CodeIgniter.php(509): CodeIgniter\CodeIgniter->runController(Object(App\Controllers\MuebleController))
 8 SYSTEMPATH\CodeIgniter.php(355): CodeIgniter\CodeIgniter->handleRequest(null, Object(Config\Cache), false)
 9 SYSTEMPATH\Boot.php(325): CodeIgniter\CodeIgniter->run()
10 SYSTEMPATH\Boot.php(67): CodeIgniter\Boot::runCodeIgniter(Object(CodeIgniter\CodeIgniter))
11 FCPATH\index.php(56): CodeIgniter\Boot::bootWeb(Object(Config\Paths))
